Using pre-set license
Built from '2021.3/staging' branch; Version is '2021.3.34f1 (25266724e7bd) revision 2434663'; Using compiler version '192829333'; Build Type 'Release'
OS: 'Windows 10  (10.0.19045) 64bit Core' Language: 'ru' Physical Memory: 16334 MB
BatchMode: 1, IsHumanControllingUs: 0, StartBugReporterOnCrash: 0, Is64bit: 1, IsPro: 1

COMMAND LINE ARGUMENTS:
C:\Program Files\unity\2021.3.34f1\Editor\Unity.exe
-adb2
-batchMode
-noUpm
-name
AssetImportWorker0
-projectPath
D:/github/NetcodeProject/StaySafe
-logFile
Logs/AssetImportWorker0.log
-srvPort
63793
Successfully changed project path to: D:/github/NetcodeProject/StaySafe
D:/github/NetcodeProject/StaySafe
[UnityMemory] Configuration Parameters - Can be set up in boot.config
    "memorysetup-bucket-allocator-granularity=16"
    "memorysetup-bucket-allocator-bucket-count=8"
    "memorysetup-bucket-allocator-block-size=33554432"
    "memorysetup-bucket-allocator-block-count=8"
    "memorysetup-main-allocator-block-size=16777216"
    "memorysetup-thread-allocator-block-size=16777216"
    "memorysetup-gfx-main-allocator-block-size=16777216"
    "memorysetup-gfx-thread-allocator-block-size=16777216"
    "memorysetup-cache-allocator-block-size=4194304"
    "memorysetup-typetree-allocator-block-size=2097152"
    "memorysetup-profiler-bucket-allocator-granularity=16"
    "memorysetup-profiler-bucket-allocator-bucket-count=8"
    "memorysetup-profiler-bucket-allocator-block-size=33554432"
    "memorysetup-profiler-bucket-allocator-block-count=8"
    "memorysetup-profiler-allocator-block-size=16777216"
    "memorysetup-profiler-editor-allocator-block-size=1048576"
    "memorysetup-temp-allocator-size-main=16777216"
    "memorysetup-job-temp-allocator-block-size=2097152"
    "memorysetup-job-temp-allocator-block-size-background=1048576"
    "memorysetup-job-temp-allocator-reduction-small-platforms=262144"
    "memorysetup-temp-allocator-size-background-worker=32768"
    "memorysetup-temp-allocator-size-job-worker=262144"
    "memorysetup-temp-allocator-size-preload-manager=33554432"
    "memorysetup-temp-allocator-size-nav-mesh-worker=65536"
    "memorysetup-temp-allocator-size-audio-worker=65536"
    "memorysetup-temp-allocator-size-cloud-worker=32768"
    "memorysetup-temp-allocator-size-gi-baking-worker=262144"
    "memorysetup-temp-allocator-size-gfx=262144"
Player connection [10268] Host "[IP] 192.168.1.72 [Port] 0 [Flags] 2 [Guid] 1104582818 [EditorId] 1104582818 [Version] 1048832 [Id] WindowsEditor(7,DESKTOP-0NVPE9C) [Debug] 1 [PackageName] WindowsEditor [ProjectName] Editor" joined multi-casting on [225.0.0.222:54997]...

Player connection [10268] Host "[IP] 192.168.1.72 [Port] 0 [Flags] 2 [Guid] 1104582818 [EditorId] 1104582818 [Version] 1048832 [Id] WindowsEditor(7,DESKTOP-0NVPE9C) [Debug] 1 [PackageName] WindowsEditor [ProjectName] Editor" joined alternative multi-casting on [225.0.0.222:34997]...

[Physics::Module] Initialized MultithreadedJobDispatcher with {0} workers.
Refreshing native plugins compatible for Editor in 192.14 ms, found 1 plugins.
Preloading 0 native plugins for Editor in 0.00 ms.
Initialize engine version: 2021.3.34f1 (25266724e7bd)
[Subsystems] Discovering subsystems at path C:/Program Files/unity/2021.3.34f1/Editor/Data/Resources/UnitySubsystems
[Subsystems] Discovering subsystems at path D:/github/NetcodeProject/StaySafe/Assets
GfxDevice: creating device client; threaded=0; jobified=0
Direct3D:
    Version:  Direct3D 11.0 [level 11.1]
    Renderer: NVIDIA GeForce GTX 1060 6GB (ID=0x1c03)
    Vendor:   NVIDIA
    VRAM:     6043 MB
    Driver:   31.0.15.3623
Initialize mono
Mono path[0] = 'C:/Program Files/unity/2021.3.34f1/Editor/Data/Managed'
Mono path[1] = 'C:/Program Files/unity/2021.3.34f1/Editor/Data/MonoBleedingEdge/lib/mono/unityjit-win32'
Mono config path = 'C:/Program Files/unity/2021.3.34f1/Editor/Data/MonoBleedingEdge/etc'
Using monoOptions --debugger-agent=transport=dt_socket,embedding=1,server=y,suspend=n,address=127.0.0.1:56264
Begin MonoManager ReloadAssembly
Registering precompiled unity dll's ...
Register platform support module: C:/Program Files/unity/2021.3.34f1/Editor/Data/PlaybackEngines/AndroidPlayer/UnityEditor.Android.Extensions.dll
Register platform support module: C:/Program Files/unity/2021.3.34f1/Editor/Data/PlaybackEngines/WindowsStandaloneSupport/UnityEditor.WindowsStandalone.Extensions.dll
Registered in 0.012458 seconds.
Native extension for WindowsStandalone target not found
Native extension for Android target not found
Android Extension - Scanning For ADB Devices 444 ms
Refreshing native plugins compatible for Editor in 185.25 ms, found 1 plugins.
Preloading 0 native plugins for Editor in 0.00 ms.
Mono: successfully reloaded assembly
- Completed reload, in  1.459 seconds
Domain Reload Profiling:
	ReloadAssembly (1460ms)
		BeginReloadAssembly (134ms)
			ExecutionOrderSort (0ms)
			DisableScriptedObjects (0ms)
			BackupInstance (0ms)
			ReleaseScriptingObjects (0ms)
			CreateAndSetChildDomain (1ms)
		EndReloadAssembly (1193ms)
			LoadAssemblies (130ms)
			RebuildTransferFunctionScriptingTraits (0ms)
			SetupTypeCache (141ms)
			ReleaseScriptCaches (0ms)
			RebuildScriptCaches (36ms)
			SetupLoadedEditorAssemblies (951ms)
				LogAssemblyErrors (0ms)
				InitializePlatformSupportModulesInManaged (600ms)
				SetLoadedEditorAssemblies (0ms)
				RefreshPlugins (185ms)
				BeforeProcessingInitializeOnLoad (2ms)
				ProcessInitializeOnLoadAttributes (110ms)
				ProcessInitializeOnLoadMethodAttributes (54ms)
				AfterProcessingInitializeOnLoad (0ms)
				EditorAssembliesLoaded (0ms)
			ExecutionOrderSort2 (0ms)
			AwakeInstancesAfterBackupRestoration (0ms)
Platform modules already initialized, skipping
Registering precompiled user dll's ...
Registered in 0.029582 seconds.
Begin MonoManager ReloadAssembly
Symbol file LoadedFromMemory is not a mono symbol file
Native extension for WindowsStandalone target not found
Native extension for Android target not found
Refreshing native plugins compatible for Editor in 192.58 ms, found 1 plugins.
Preloading 0 native plugins for Editor in 0.00 ms.
Mono: successfully reloaded assembly
Package Manager log level set to [2]
- Completed reload, in  2.347 seconds
Domain Reload Profiling:
	ReloadAssembly (2348ms)
		BeginReloadAssembly (169ms)
			ExecutionOrderSort (0ms)
			DisableScriptedObjects (8ms)
			BackupInstance (0ms)
			ReleaseScriptingObjects (0ms)
			CreateAndSetChildDomain (22ms)
		EndReloadAssembly (2018ms)
			LoadAssemblies (222ms)
			RebuildTransferFunctionScriptingTraits (0ms)
			SetupTypeCache (407ms)
			ReleaseScriptCaches (2ms)
			RebuildScriptCaches (122ms)
			SetupLoadedEditorAssemblies (1201ms)
				LogAssemblyErrors (0ms)
				InitializePlatformSupportModulesInManaged (33ms)
				SetLoadedEditorAssemblies (0ms)
				RefreshPlugins (193ms)
				BeforeProcessingInitializeOnLoad (356ms)
				ProcessInitializeOnLoadAttributes (469ms)
				ProcessInitializeOnLoadMethodAttributes (131ms)
				AfterProcessingInitializeOnLoad (18ms)
				EditorAssembliesLoaded (0ms)
			ExecutionOrderSort2 (0ms)
			AwakeInstancesAfterBackupRestoration (9ms)
Platform modules already initialized, skipping
========================================================================
Worker process is ready to serve import requests
Launched and connected shader compiler UnityShaderCompiler.exe after 0.13 seconds
Refreshing native plugins compatible for Editor in 1.52 ms, found 1 plugins.
Preloading 0 native plugins for Editor in 0.00 ms.
Unloading 8106 Unused Serialized files (Serialized files now loaded: 0)
Unloading 69 unused Assets / (0.8 MB). Loaded Objects now: 8546.
Memory consumption went from 307.7 MB to 306.8 MB.
Total: 5.429200 ms (FindLiveObjects: 0.770200 ms CreateObjectMapping: 0.486000 ms MarkObjects: 3.738300 ms  DeleteObjects: 0.433300 ms)

AssetImportParameters requested are different than current active one (requested -> active):
  custom:video-decoder-ogg-theora: a1e56fd34408186e4bbccfd4996cb3dc -> 
  custom:container-muxer-webm: aa71ff27fc2769a1b78a27578f13a17b -> 
  custom:container-demuxer-webm: 4f35f7cbe854078d1ac9338744f61a02 -> 
  custom:video-encoder-webm-vp8: eb34c28f22e8b96e1ab97ce403110664 -> 
  custom:CustomObjectIndexerAttribute: 6b0e35c9178b02a6363f3721b7b8e397 -> 
  custom:audio-encoder-webm-vorbis: bf7c407c2cedff20999df2af8eb42d56 -> 
  custom:framework-win-MediaFoundation: 216162199b28c13a410421893ffa2e32 -> 
  custom:SearchIndexIgnoredProperties: e643bd26f0fe6173181afceb89e7c659 -> 
  custom:container-demuxer-ogg: 62fdf1f143b41e24485cea50d1cbac27 -> 
  custom:video-decoder-webm-vp8: 9c59270c3fd7afecdb556c50c9e8de78 -> 
  custom:audio-decoder-ogg-vorbis: bf7c407c2cedff20999df2af8eb42d56 -> 
========================================================================
Received Import Request.
  Time since last request: 457655.245980 seconds.
  path: Assets/Cube.fbx
  artifactKey: Guid(627fa5e19bbedd84fbfa16bd236c8a62) Importer(815301076,1909f56bfc062723c751e8b465ee728b)
Number of updated assets reloaded before import = 0
Start importing Assets/Cube.fbx using Guid(627fa5e19bbedd84fbfa16bd236c8a62) Importer(815301076,1909f56bfc062723c751e8b465ee728b)  -> (artifact id: 'ab14f540236e5a732896f0d99033cb0a') in 0.436406 seconds 
Number of asset objects unloaded after import = 29
========================================================================
Received Import Request.
  Time since last request: 3.960780 seconds.
  path: Assets/Textures
  artifactKey: Guid(0905bbf009979ad41bad08bca2c17c37) Importer(815301076,1909f56bfc062723c751e8b465ee728b)
Number of updated assets reloaded before import = 0
Start importing Assets/Textures using Guid(0905bbf009979ad41bad08bca2c17c37) Importer(815301076,1909f56bfc062723c751e8b465ee728b)  -> (artifact id: 'd2f142fec3ab0287dad69190f046dcb7') in 0.008383 seconds 
Number of asset objects unloaded after import = 0
========================================================================
Received Import Request.
  Time since last request: 6.103641 seconds.
  path: Assets/Textures/Cube
  artifactKey: Guid(f20ce2aa7059848439ca3db8b2def9c8) Importer(815301076,1909f56bfc062723c751e8b465ee728b)
Number of updated assets reloaded before import = 0
Start importing Assets/Textures/Cube using Guid(f20ce2aa7059848439ca3db8b2def9c8) Importer(815301076,1909f56bfc062723c751e8b465ee728b)  -> (artifact id: '26e630d65dae2623329532dbcf79e4a1') in 0.002974 seconds 
Number of asset objects unloaded after import = 0
========================================================================
Received Import Request.
  Time since last request: 6.471822 seconds.
  path: Assets/Textures/Cube/Cube_Куб_AlbedoTransparency.png
  artifactKey: Guid(65d1056321002e44680bb706895b9ba7) Importer(815301076,1909f56bfc062723c751e8b465ee728b)
Number of updated assets reloaded before import = 0
Start importing Assets/Textures/Cube/Cube_Куб_AlbedoTransparency.png using Guid(65d1056321002e44680bb706895b9ba7) Importer(815301076,1909f56bfc062723c751e8b465ee728b)  -> (artifact id: 'd02c218185439fd7dc1bc2c890d33a02') in 0.058779 seconds 
Number of asset objects unloaded after import = 2
========================================================================
Received Import Request.
  Time since last request: 0.000030 seconds.
  path: Assets/Textures/Cube/Cube_Куб_Normal.png
  artifactKey: Guid(0ffdb8cf5b2da474788683ffc492e3a8) Importer(815301076,1909f56bfc062723c751e8b465ee728b)
Number of updated assets reloaded before import = 0
Start importing Assets/Textures/Cube/Cube_Куб_Normal.png using Guid(0ffdb8cf5b2da474788683ffc492e3a8) Importer(815301076,1909f56bfc062723c751e8b465ee728b)  -> (artifact id: '4272e6c6cf992fd0eae824be16423449') in 0.036842 seconds 
Number of asset objects unloaded after import = 2
========================================================================
Received Import Request.
  Time since last request: 6.364529 seconds.
  path: Assets/Materials/6539692b-df6e-4c83-b304-a7a10065f416.mat
  artifactKey: Guid(423786602db16b74b9788c995cab4329) Importer(815301076,1909f56bfc062723c751e8b465ee728b)
Number of updated assets reloaded before import = 0
Start importing Assets/Materials/6539692b-df6e-4c83-b304-a7a10065f416.mat using Guid(423786602db16b74b9788c995cab4329) Importer(815301076,1909f56bfc062723c751e8b465ee728b)  -> (artifact id: '6b9b46db6f958c40e5e53a2dd34b9e05') in 0.024780 seconds 
Number of asset objects unloaded after import = 3
========================================================================
Received Import Request.
  Time since last request: 5.743430 seconds.
  path: Assets/Materials/Cube.mat
  artifactKey: Guid(3f5b051825413ab4fa4a3e2f1bbb353c) Importer(815301076,1909f56bfc062723c751e8b465ee728b)
Number of updated assets reloaded before import = 0
Start importing Assets/Materials/Cube.mat using Guid(3f5b051825413ab4fa4a3e2f1bbb353c) Importer(815301076,1909f56bfc062723c751e8b465ee728b)  -> (artifact id: 'f8c062fc692592a00db733999eb89b5b') in 0.022225 seconds 
Number of asset objects unloaded after import = 2
========================================================================
Received Import Request.
  Time since last request: 1.468113 seconds.
  path: Assets/Plugins/Zenject/OptionalExtras/SampleGame1 (Beginner)/Media/Imported/SpaceShip/Space_Shooter.fbm/1K_Body-NM.jpg
  artifactKey: Guid(9d1afd1910615b04c85c97274b296bb9) Importer(815301076,1909f56bfc062723c751e8b465ee728b)
Number of updated assets reloaded before import = 0
Start importing Assets/Plugins/Zenject/OptionalExtras/SampleGame1 (Beginner)/Media/Imported/SpaceShip/Space_Shooter.fbm/1K_Body-NM.jpg using Guid(9d1afd1910615b04c85c97274b296bb9) Importer(815301076,1909f56bfc062723c751e8b465ee728b)  -> (artifact id: '2dc8c1c37f733b9639e7c1ba0447f787') in 0.178106 seconds 
Number of asset objects unloaded after import = 2
========================================================================
Received Import Request.
  Time since last request: 0.000033 seconds.
  path: Assets/Plugins/IngameDebugConsole/Sprites/IconClear.psd
  artifactKey: Guid(7a9e374666ad6cc47807bb001844f3d8) Importer(815301076,1909f56bfc062723c751e8b465ee728b)
Number of updated assets reloaded before import = 0
Start importing Assets/Plugins/IngameDebugConsole/Sprites/IconClear.psd using Guid(7a9e374666ad6cc47807bb001844f3d8) Importer(815301076,1909f56bfc062723c751e8b465ee728b)  -> (artifact id: 'bcb87d1f499cae5fbbf7dd1ae035e286') in 0.154008 seconds 
Number of asset objects unloaded after import = 3
========================================================================
Received Import Request.
  Time since last request: 0.000032 seconds.
  path: Assets/Plugins/IngameDebugConsole/Sprites/IconCollapse.psd
  artifactKey: Guid(d1546f8db185caf4dafcfa58efa3ba2c) Importer(815301076,1909f56bfc062723c751e8b465ee728b)
Number of updated assets reloaded before import = 0
Start importing Assets/Plugins/IngameDebugConsole/Sprites/IconCollapse.psd using Guid(d1546f8db185caf4dafcfa58efa3ba2c) Importer(815301076,1909f56bfc062723c751e8b465ee728b)  -> (artifact id: '01f849ccd191715d2ac858f569e1e5cc') in 0.043252 seconds 
Number of asset objects unloaded after import = 3
========================================================================
Received Import Request.
  Time since last request: 0.000021 seconds.
  path: Assets/Plugins/IngameDebugConsole/Sprites/IconInfo.psd
  artifactKey: Guid(5a97d5afa6254804f81b7ba956296996) Importer(815301076,1909f56bfc062723c751e8b465ee728b)
Number of updated assets reloaded before import = 0
Start importing Assets/Plugins/IngameDebugConsole/Sprites/IconInfo.psd using Guid(5a97d5afa6254804f81b7ba956296996) Importer(815301076,1909f56bfc062723c751e8b465ee728b)  -> (artifact id: 'd67420285f6ff40d6ce30ceeeeb8d5fa') in 0.058957 seconds 
Number of asset objects unloaded after import = 3
========================================================================
Received Import Request.
  Time since last request: 0.000028 seconds.
  path: Assets/Plugins/Zenject/OptionalExtras/SampleGame1 (Beginner)/Media/Imported/Textures/CampfireLeft.psd
  artifactKey: Guid(a72df340b82eb4fd2afbb9dbe634f4bc) Importer(815301076,1909f56bfc062723c751e8b465ee728b)
Number of updated assets reloaded before import = 0
Start importing Assets/Plugins/Zenject/OptionalExtras/SampleGame1 (Beginner)/Media/Imported/Textures/CampfireLeft.psd using Guid(a72df340b82eb4fd2afbb9dbe634f4bc) Importer(815301076,1909f56bfc062723c751e8b465ee728b)  -> (artifact id: '46975a5e66363669b60a760a0e7e029e') in 0.069477 seconds 
Number of asset objects unloaded after import = 2
========================================================================
Received Import Request.
  Time since last request: 0.000041 seconds.
  path: Assets/Joystick Pack/Sprites/Horizontal Backgrounds/Horizontal_Outline_Arrows.png
  artifactKey: Guid(7927b9032dc11e841af3f9a1353d7ecd) Importer(815301076,1909f56bfc062723c751e8b465ee728b)
Number of updated assets reloaded before import = 0
Start importing Assets/Joystick Pack/Sprites/Horizontal Backgrounds/Horizontal_Outline_Arrows.png using Guid(7927b9032dc11e841af3f9a1353d7ecd) Importer(815301076,1909f56bfc062723c751e8b465ee728b)  -> (artifact id: '2f55eeb4d15c6891df73da7afc6fc2be') in 0.092633 seconds 
Number of asset objects unloaded after import = 3
========================================================================
Received Import Request.
  Time since last request: 0.000039 seconds.
  path: Assets/Plugins/Demigiant/DOTween/Editor/Imgs/DOTweenIcon.png
  artifactKey: Guid(8da095e39e9b4df488dfd436f81116d6) Importer(815301076,1909f56bfc062723c751e8b465ee728b)
Number of updated assets reloaded before import = 0
Start importing Assets/Plugins/Demigiant/DOTween/Editor/Imgs/DOTweenIcon.png using Guid(8da095e39e9b4df488dfd436f81116d6) Importer(815301076,1909f56bfc062723c751e8b465ee728b)  -> (artifact id: '9f86b0868326bf55deb5cafbfdbe8034') in 0.075239 seconds 
Number of asset objects unloaded after import = 2
========================================================================
Received Import Request.
  Time since last request: 0.000025 seconds.
  path: Assets/Joystick Pack/Sprites/Vertical Backgrounds/Vertical_Plain_Arrows.png
  artifactKey: Guid(3bf6d9f920f7458448a390f80318ebe6) Importer(815301076,1909f56bfc062723c751e8b465ee728b)
Number of updated assets reloaded before import = 0
Start importing Assets/Joystick Pack/Sprites/Vertical Backgrounds/Vertical_Plain_Arrows.png using Guid(3bf6d9f920f7458448a390f80318ebe6) Importer(815301076,1909f56bfc062723c751e8b465ee728b)  -> (artifact id: 'b4acf2f1abd13159101bafd0ba954168') in 0.083504 seconds 
Number of asset objects unloaded after import = 3
========================================================================
Received Import Request.
  Time since last request: 0.000027 seconds.
  path: Assets/Plugins/IngameDebugConsole/Sprites/SlicedBackground2.psd
  artifactKey: Guid(98e8e1cf8dc7dbf469617c2e40c8a944) Importer(815301076,1909f56bfc062723c751e8b465ee728b)
Number of updated assets reloaded before import = 0
Start importing Assets/Plugins/IngameDebugConsole/Sprites/SlicedBackground2.psd using Guid(98e8e1cf8dc7dbf469617c2e40c8a944) Importer(815301076,1909f56bfc062723c751e8b465ee728b)  -> (artifact id: '80db24183346619556ec02aa971000b6') in 0.027720 seconds 
Number of asset objects unloaded after import = 3
========================================================================
Received Import Request.
  Time since last request: 0.000024 seconds.
  path: Assets/Plugins/Zenject/OptionalExtras/SampleGame1 (Beginner)/Media/Imported/SpaceShip/Space_Shooter.fbm/1K_Body-TXTR.jpg
  artifactKey: Guid(01e65fb55683f1f4182f15ee0a5057ad) Importer(815301076,1909f56bfc062723c751e8b465ee728b)
Number of updated assets reloaded before import = 0
Start importing Assets/Plugins/Zenject/OptionalExtras/SampleGame1 (Beginner)/Media/Imported/SpaceShip/Space_Shooter.fbm/1K_Body-TXTR.jpg using Guid(01e65fb55683f1f4182f15ee0a5057ad) Importer(815301076,1909f56bfc062723c751e8b465ee728b)  -> (artifact id: '3b3772634c1376491d7bd5d81aa14b1b') in 0.049850 seconds 
Number of asset objects unloaded after import = 2
========================================================================
Received Import Request.
  Time since last request: 0.000061 seconds.
  path: Assets/TutorialInfo/Icons/Help_Icon.png
  artifactKey: Guid(9266273b8f123004195741f969177dda) Importer(815301076,1909f56bfc062723c751e8b465ee728b)
Number of updated assets reloaded before import = 0
Start importing Assets/TutorialInfo/Icons/Help_Icon.png using Guid(9266273b8f123004195741f969177dda) Importer(815301076,1909f56bfc062723c751e8b465ee728b)  -> (artifact id: '2019b4c88f46db272cbcccdcb8ee00b4') in 0.058724 seconds 
Number of asset objects unloaded after import = 2
========================================================================
Received Import Request.
  Time since last request: 0.000027 seconds.
  path: Assets/Joystick Pack/Sprites/Horizontal Backgrounds/Horizontal_Ridged.png
  artifactKey: Guid(6304ad603f150b649b764d29bbc2a87b) Importer(815301076,1909f56bfc062723c751e8b465ee728b)
Number of updated assets reloaded before import = 0
Start importing Assets/Joystick Pack/Sprites/Horizontal Backgrounds/Horizontal_Ridged.png using Guid(6304ad603f150b649b764d29bbc2a87b) Importer(815301076,1909f56bfc062723c751e8b465ee728b)  -> (artifact id: '716717b178686d94df432683fd472b40') in 0.101986 seconds 
Number of asset objects unloaded after import = 3
========================================================================
Received Import Request.
  Time since last request: 0.000029 seconds.
  path: Assets/Plugins/Zenject/OptionalExtras/SampleGame1 (Beginner)/Media/Imported/Rocks/textures/diffuse.tga
  artifactKey: Guid(abd916b1dc28a7e4caffa584a9f2ee35) Importer(815301076,1909f56bfc062723c751e8b465ee728b)
Number of updated assets reloaded before import = 0
Start importing Assets/Plugins/Zenject/OptionalExtras/SampleGame1 (Beginner)/Media/Imported/Rocks/textures/diffuse.tga using Guid(abd916b1dc28a7e4caffa584a9f2ee35) Importer(815301076,1909f56bfc062723c751e8b465ee728b)  -> (artifact id: '7d2d574cfde4ed928192907b00bf1800') in 0.083659 seconds 
Number of asset objects unloaded after import = 2
========================================================================
Received Import Request.
  Time since last request: 0.000031 seconds.
  path: Assets/Plugins/IngameDebugConsole/Sprites/Unused/IconErrorHighRes.psd
  artifactKey: Guid(a97ca0b99ece2d94aaaf59653feb45dd) Importer(815301076,1909f56bfc062723c751e8b465ee728b)
Number of updated assets reloaded before import = 0
Start importing Assets/Plugins/IngameDebugConsole/Sprites/Unused/IconErrorHighRes.psd using Guid(a97ca0b99ece2d94aaaf59653feb45dd) Importer(815301076,1909f56bfc062723c751e8b465ee728b)  -> (artifact id: 'b2a752dec40a00f9ee79f4a3441e3e40') in 0.081030 seconds 
Number of asset objects unloaded after import = 3
========================================================================
Received Import Request.
  Time since last request: 0.000030 seconds.
  path: Assets/Plugins/Demigiant/DOTween/Editor/Imgs/Header.jpg
  artifactKey: Guid(78a59ca99f8987941adb61f9e14a06a7) Importer(815301076,1909f56bfc062723c751e8b465ee728b)
Number of updated assets reloaded before import = 0
Start importing Assets/Plugins/Demigiant/DOTween/Editor/Imgs/Header.jpg using Guid(78a59ca99f8987941adb61f9e14a06a7) Importer(815301076,1909f56bfc062723c751e8b465ee728b)  -> (artifact id: 'f76707a25a831849ed8b7ce09aa8e598') in 0.047414 seconds 
Number of asset objects unloaded after import = 2
========================================================================
Received Import Request.
  Time since last request: 0.000024 seconds.
  path: Assets/Joystick Pack/Sprites/Horizontal Backgrounds/Horizontal_Plain.png
  artifactKey: Guid(097782735540f2d4db5606eae04ae6a7) Importer(815301076,1909f56bfc062723c751e8b465ee728b)
Number of updated assets reloaded before import = 0
Start importing Assets/Joystick Pack/Sprites/Horizontal Backgrounds/Horizontal_Plain.png using Guid(097782735540f2d4db5606eae04ae6a7) Importer(815301076,1909f56bfc062723c751e8b465ee728b)  -> (artifact id: '3b8d6884af8d176e3837fa33f35242a0') in 0.067171 seconds 
Number of asset objects unloaded after import = 3
========================================================================
Received Import Request.
  Time since last request: 0.000024 seconds.
  path: Assets/Plugins/IngameDebugConsole/Sprites/SearchIcon.psd
  artifactKey: Guid(e04e6c970b950d946a782ea08e5f971d) Importer(815301076,1909f56bfc062723c751e8b465ee728b)
Number of updated assets reloaded before import = 0
Start importing Assets/Plugins/IngameDebugConsole/Sprites/SearchIcon.psd using Guid(e04e6c970b950d946a782ea08e5f971d) Importer(815301076,1909f56bfc062723c751e8b465ee728b)  -> (artifact id: '13aa0a45557ced16e66bad968d16bde5') in 0.032794 seconds 
Number of asset objects unloaded after import = 3
========================================================================
Received Import Request.
  Time since last request: 0.000026 seconds.
  path: Assets/Plugins/IngameDebugConsole/Sprites/SlicedBackground.psd
  artifactKey: Guid(066d3840badf4d24dba1d42b4c59b888) Importer(815301076,1909f56bfc062723c751e8b465ee728b)
Number of updated assets reloaded before import = 0
Start importing Assets/Plugins/IngameDebugConsole/Sprites/SlicedBackground.psd using Guid(066d3840badf4d24dba1d42b4c59b888) Importer(815301076,1909f56bfc062723c751e8b465ee728b)  -> (artifact id: '69e6c5cdb857b001e8f39dc41f36ae7a') in 0.032973 seconds 
Number of asset objects unloaded after import = 3
========================================================================
Received Import Request.
  Time since last request: 0.000033 seconds.
  path: Assets/Plugins/Zenject/OptionalExtras/SampleGame1 (Beginner)/Media/Imported/Textures/fire.png
  artifactKey: Guid(d1f484f58ddfa4341a6e72ce14adc083) Importer(815301076,1909f56bfc062723c751e8b465ee728b)
Number of updated assets reloaded before import = 0
Start importing Assets/Plugins/Zenject/OptionalExtras/SampleGame1 (Beginner)/Media/Imported/Textures/fire.png using Guid(d1f484f58ddfa4341a6e72ce14adc083) Importer(815301076,1909f56bfc062723c751e8b465ee728b)  -> (artifact id: '8d412e7a31ddfc1f5fdd2e21bfb8072a') in 0.038829 seconds 
Number of asset objects unloaded after import = 2
========================================================================
Received Import Request.
  Time since last request: 0.000041 seconds.
  path: Assets/Plugins/Zenject/OptionalExtras/SampleGame1 (Beginner)/Media/Imported/Textures/Glow.png
  artifactKey: Guid(9fd0803556af44591a2d3be1bd49a003) Importer(815301076,1909f56bfc062723c751e8b465ee728b)
Number of updated assets reloaded before import = 0
Start importing Assets/Plugins/Zenject/OptionalExtras/SampleGame1 (Beginner)/Media/Imported/Textures/Glow.png using Guid(9fd0803556af44591a2d3be1bd49a003) Importer(815301076,1909f56bfc062723c751e8b465ee728b)  -> (artifact id: '8e980920cece4fd00836d340c0b11941') in 0.043069 seconds 
Number of asset objects unloaded after import = 2
========================================================================
Received Import Request.
  Time since last request: 0.000022 seconds.
  path: Assets/Plugins/IngameDebugConsole/Sprites/IconHide.psd
  artifactKey: Guid(b3905a73a6672d9449647aaf036e23fc) Importer(815301076,1909f56bfc062723c751e8b465ee728b)
Number of updated assets reloaded before import = 0
Start importing Assets/Plugins/IngameDebugConsole/Sprites/IconHide.psd using Guid(b3905a73a6672d9449647aaf036e23fc) Importer(815301076,1909f56bfc062723c751e8b465ee728b)  -> (artifact id: 'd6fa03c545d49e23328e12bf5e1121f2') in 0.033527 seconds 
Number of asset objects unloaded after import = 3
========================================================================
Received Import Request.
  Time since last request: 0.000026 seconds.
  path: Assets/Joystick Pack/Sprites/All Axis Backgrounds/AllAxis_Plain.png
  artifactKey: Guid(84487d73ca4b791498332d8f6858417f) Importer(815301076,1909f56bfc062723c751e8b465ee728b)
Number of updated assets reloaded before import = 0
Start importing Assets/Joystick Pack/Sprites/All Axis Backgrounds/AllAxis_Plain.png using Guid(84487d73ca4b791498332d8f6858417f) Importer(815301076,1909f56bfc062723c751e8b465ee728b)  -> (artifact id: 'cb158b9b76bdf2f7ffa4f18078be10ba') in 0.053890 seconds 
Number of asset objects unloaded after import = 3
========================================================================
Received Import Request.
  Time since last request: 0.000027 seconds.
  path: Assets/Plugins/Zenject/OptionalExtras/SampleGame1 (Beginner)/Media/Imported/SpaceShip/Textures/1K_Body-TXTR.jpg
  artifactKey: Guid(edc2b3bfe412721409008df82ad98102) Importer(815301076,1909f56bfc062723c751e8b465ee728b)
Number of updated assets reloaded before import = 0
Start importing Assets/Plugins/Zenject/OptionalExtras/SampleGame1 (Beginner)/Media/Imported/SpaceShip/Textures/1K_Body-TXTR.jpg using Guid(edc2b3bfe412721409008df82ad98102) Importer(815301076,1909f56bfc062723c751e8b465ee728b)  -> (artifact id: '4d677ef9ea47d54c6bd30a4abcd87d8c') in 0.049917 seconds 
Number of asset objects unloaded after import = 2
========================================================================
Received Import Request.
  Time since last request: 0.000030 seconds.
  path: Assets/Joystick Pack/Sprites/All Axis Backgrounds/AllAxis_Plain_Arrows.png
  artifactKey: Guid(2a1f3cba20f3e11498474a705db12fde) Importer(815301076,1909f56bfc062723c751e8b465ee728b)
Number of updated assets reloaded before import = 0
Start importing Assets/Joystick Pack/Sprites/All Axis Backgrounds/AllAxis_Plain_Arrows.png using Guid(2a1f3cba20f3e11498474a705db12fde) Importer(815301076,1909f56bfc062723c751e8b465ee728b)  -> (artifact id: 'b4ed51cb0458248cc6487704512248f2') in 0.051033 seconds 
Number of asset objects unloaded after import = 3
========================================================================
Received Import Request.
  Time since last request: 0.000041 seconds.
  path: Assets/Joystick Pack/Sprites/All Axis Backgrounds/AllAxis_Ridged.png
  artifactKey: Guid(54628aafa20f64b40ae661038ee7abf0) Importer(815301076,1909f56bfc062723c751e8b465ee728b)
Number of updated assets reloaded before import = 0
Start importing Assets/Joystick Pack/Sprites/All Axis Backgrounds/AllAxis_Ridged.png using Guid(54628aafa20f64b40ae661038ee7abf0) Importer(815301076,1909f56bfc062723c751e8b465ee728b)  -> (artifact id: 'bd1440dd8eb5c7ada3769038f34434df') in 0.054830 seconds 
Number of asset objects unloaded after import = 3
========================================================================
Received Import Request.
  Time since last request: 0.000024 seconds.
  path: Assets/Plugins/IngameDebugConsole/Sprites/IconSnapToBottom.psd
  artifactKey: Guid(066c0b04be98cd348abb79add91d42bf) Importer(815301076,1909f56bfc062723c751e8b465ee728b)
Number of updated assets reloaded before import = 0
Start importing Assets/Plugins/IngameDebugConsole/Sprites/IconSnapToBottom.psd using Guid(066c0b04be98cd348abb79add91d42bf) Importer(815301076,1909f56bfc062723c751e8b465ee728b)  -> (artifact id: 'bf2953261d0d7f2ec2f0a2619f4785f9') in 0.033875 seconds 
Number of asset objects unloaded after import = 3
========================================================================
Received Import Request.
  Time since last request: 0.000027 seconds.
  path: Assets/Plugins/Zenject/OptionalExtras/SampleGame1 (Beginner)/Media/Imported/SpaceShip/Textures/1K_Spec.jpg
  artifactKey: Guid(0ea2ae5c475a8224f9f6c107611afe7b) Importer(815301076,1909f56bfc062723c751e8b465ee728b)
Number of updated assets reloaded before import = 0
Start importing Assets/Plugins/Zenject/OptionalExtras/SampleGame1 (Beginner)/Media/Imported/SpaceShip/Textures/1K_Spec.jpg using Guid(0ea2ae5c475a8224f9f6c107611afe7b) Importer(815301076,1909f56bfc062723c751e8b465ee728b)  -> (artifact id: '2382d8bec79dda87b5de19979c8c9148') in 0.050948 seconds 
Number of asset objects unloaded after import = 2
========================================================================
Received Import Request.
  Time since last request: 0.000034 seconds.
  path: Assets/Plugins/Zenject/OptionalExtras/SampleGame2 (Advanced)/Media/Textures/Flame.psd
  artifactKey: Guid(b260cbc8d9bc048bd8834c7a1b5aed36) Importer(815301076,1909f56bfc062723c751e8b465ee728b)
Number of updated assets reloaded before import = 0
Start importing Assets/Plugins/Zenject/OptionalExtras/SampleGame2 (Advanced)/Media/Textures/Flame.psd using Guid(b260cbc8d9bc048bd8834c7a1b5aed36) Importer(815301076,1909f56bfc062723c751e8b465ee728b)  -> (artifact id: 'f21677758497d85be030041c5ecbd723') in 0.050526 seconds 
Number of asset objects unloaded after import = 2
========================================================================
Received Import Request.
  Time since last request: 0.000032 seconds.
  path: Assets/Plugins/Zenject/OptionalExtras/SampleGame1 (Beginner)/Media/Textures/Background/Free_Shmup_Sprites_Starfield.png
  artifactKey: Guid(76790d87a6ceac544a057439dbe4d6c3) Importer(815301076,1909f56bfc062723c751e8b465ee728b)
Number of updated assets reloaded before import = 0
Start importing Assets/Plugins/Zenject/OptionalExtras/SampleGame1 (Beginner)/Media/Textures/Background/Free_Shmup_Sprites_Starfield.png using Guid(76790d87a6ceac544a057439dbe4d6c3) Importer(815301076,1909f56bfc062723c751e8b465ee728b)  -> (artifact id: '901762a44681c9e1774e339c4a3d21cc') in 0.039555 seconds 
Number of asset objects unloaded after import = 2
========================================================================
Received Import Request.
  Time since last request: 0.000037 seconds.
  path: Assets/Joystick Pack/Sprites/Vertical Backgrounds/Vertical_Outline_Arrows.png
  artifactKey: Guid(c615706690ca87043ad593475e6db7ec) Importer(815301076,1909f56bfc062723c751e8b465ee728b)
Number of updated assets reloaded before import = 0
Start importing Assets/Joystick Pack/Sprites/Vertical Backgrounds/Vertical_Outline_Arrows.png using Guid(c615706690ca87043ad593475e6db7ec) Importer(815301076,1909f56bfc062723c751e8b465ee728b)  -> (artifact id: 'ebe12c29c989827a32674e7591e3ea86') in 0.064605 seconds 
Number of asset objects unloaded after import = 3
========================================================================
Received Import Request.
  Time since last request: 0.000033 seconds.
  path: Assets/Joystick Pack/Sprites/Vertical Backgrounds/Vertical_Ridged.png
  artifactKey: Guid(08c1fa6351174a9439d97cfc9d3307cc) Importer(815301076,1909f56bfc062723c751e8b465ee728b)
Number of updated assets reloaded before import = 0
Start importing Assets/Joystick Pack/Sprites/Vertical Backgrounds/Vertical_Ridged.png using Guid(08c1fa6351174a9439d97cfc9d3307cc) Importer(815301076,1909f56bfc062723c751e8b465ee728b)  -> (artifact id: '4332b268c9f193ad26d9ceed9d290327') in 0.100354 seconds 
Number of asset objects unloaded after import = 3
========================================================================
Received Import Request.
  Time since last request: 0.000021 seconds.
  path: Assets/Plugins/Zenject/OptionalExtras/SampleGame1 (Beginner)/Media/Imported/SpaceShip/Textures/1K_TXTR+Spec.tif
  artifactKey: Guid(d502334f478d23c4baaa4781df176eaf) Importer(815301076,1909f56bfc062723c751e8b465ee728b)
Number of updated assets reloaded before import = 0
Start importing Assets/Plugins/Zenject/OptionalExtras/SampleGame1 (Beginner)/Media/Imported/SpaceShip/Textures/1K_TXTR+Spec.tif using Guid(d502334f478d23c4baaa4781df176eaf) Importer(815301076,1909f56bfc062723c751e8b465ee728b)  -> (artifact id: '4a79f64c2e930383fd0c44a5daf58f24') in 0.081076 seconds 
Number of asset objects unloaded after import = 2
========================================================================
Received Import Request.
  Time since last request: 0.000027 seconds.
  path: Assets/Plugins/IngameDebugConsole/Sprites/IconSnapToBottomBg.psd
  artifactKey: Guid(b902f763d0e47364dae25207b7e47800) Importer(815301076,1909f56bfc062723c751e8b465ee728b)
Number of updated assets reloaded before import = 0
Start importing Assets/Plugins/IngameDebugConsole/Sprites/IconSnapToBottomBg.psd using Guid(b902f763d0e47364dae25207b7e47800) Importer(815301076,1909f56bfc062723c751e8b465ee728b)  -> (artifact id: '0cec2b10b326a1ba99289e9fa80b7d56') in 0.041520 seconds 
Number of asset objects unloaded after import = 3
========================================================================
Received Import Request.
  Time since last request: 134.799396 seconds.
  path: Assets/Plugins/Zenject/OptionalExtras/SampleGame2 (Advanced)/Media/Models/ship.fbx
  artifactKey: Guid(73637a3b17554e34c9e921d4df1ee609) Importer(815301076,1909f56bfc062723c751e8b465ee728b)
Number of updated assets reloaded before import = 0
Start importing Assets/Plugins/Zenject/OptionalExtras/SampleGame2 (Advanced)/Media/Models/ship.fbx using Guid(73637a3b17554e34c9e921d4df1ee609) Importer(815301076,1909f56bfc062723c751e8b465ee728b)  -> (artifact id: 'd21f9a5fdbbbb83f6311053c69a722ed') in 0.132576 seconds 
Number of asset objects unloaded after import = 18
========================================================================
Received Import Request.
  Time since last request: 0.000025 seconds.
  path: Assets/Plugins/Zenject/OptionalExtras/SampleGame1 (Beginner)/Media/Imported/Rocks/meshes/rock_01.fbx
  artifactKey: Guid(0aee836645b89374583afeb4ca36b969) Importer(815301076,1909f56bfc062723c751e8b465ee728b)
Number of updated assets reloaded before import = 0
Start importing Assets/Plugins/Zenject/OptionalExtras/SampleGame1 (Beginner)/Media/Imported/Rocks/meshes/rock_01.fbx using Guid(0aee836645b89374583afeb4ca36b969) Importer(815301076,1909f56bfc062723c751e8b465ee728b)  -> (artifact id: 'ebb1aae419dc916a01ecb7e629fd1dfc') in 0.036765 seconds 
Number of asset objects unloaded after import = 10
========================================================================
Received Import Request.
  Time since last request: 0.000024 seconds.
  path: Assets/Plugins/Zenject/OptionalExtras/SampleGame1 (Beginner)/Media/Meshes/shipfractured.fbx
  artifactKey: Guid(5735f3b443f71894589af1323ad7a29b) Importer(815301076,1909f56bfc062723c751e8b465ee728b)
Number of updated assets reloaded before import = 0
Start importing Assets/Plugins/Zenject/OptionalExtras/SampleGame1 (Beginner)/Media/Meshes/shipfractured.fbx using Guid(5735f3b443f71894589af1323ad7a29b) Importer(815301076,1909f56bfc062723c751e8b465ee728b)  -> (artifact id: '45ca6ea6d652c876f34c482f8e2d6f8b') in 0.159475 seconds 
Number of asset objects unloaded after import = 38
========================================================================
Received Import Request.
  Time since last request: 0.000027 seconds.
  path: Assets/Plugins/Zenject/OptionalExtras/SampleGame1 (Beginner)/Media/Imported/SpaceShip/Space_Shooter.fbx
  artifactKey: Guid(564c86c1543c6eb4e8525374599f15cc) Importer(815301076,1909f56bfc062723c751e8b465ee728b)
Number of updated assets reloaded before import = 0
Start importing Assets/Plugins/Zenject/OptionalExtras/SampleGame1 (Beginner)/Media/Imported/SpaceShip/Space_Shooter.fbx using Guid(564c86c1543c6eb4e8525374599f15cc) Importer(815301076,1909f56bfc062723c751e8b465ee728b)  -> (artifact id: 'fd15111060a3906ac55c0937778b8c33') in 0.064240 seconds 
Number of asset objects unloaded after import = 12
========================================================================
Received Import Request.
  Time since last request: 11.025533 seconds.
  path: Assets/Plugins/Zenject/OptionalExtras/SampleGame2 (Advanced)/Media/Materials/Background.mat
  artifactKey: Guid(d2b89dae86aac9a4d9b52881cf3be975) Importer(815301076,1909f56bfc062723c751e8b465ee728b)
Number of updated assets reloaded before import = 0
Start importing Assets/Plugins/Zenject/OptionalExtras/SampleGame2 (Advanced)/Media/Materials/Background.mat using Guid(d2b89dae86aac9a4d9b52881cf3be975) Importer(815301076,1909f56bfc062723c751e8b465ee728b)  -> (artifact id: 'c079fc8b23235d4b569032be7937f96b') in 0.134739 seconds 
Number of asset objects unloaded after import = 3
========================================================================
Received Import Request.
  Time since last request: 0.000022 seconds.
  path: Assets/TextMesh Pro/Resources/Fonts & Materials/LiberationSans SDF - Drop Shadow.mat
  artifactKey: Guid(e73a58f6e2794ae7b1b7e50b7fb811b0) Importer(815301076,1909f56bfc062723c751e8b465ee728b)
Number of updated assets reloaded before import = 0
Start importing Assets/TextMesh Pro/Resources/Fonts & Materials/LiberationSans SDF - Drop Shadow.mat using Guid(e73a58f6e2794ae7b1b7e50b7fb811b0) Importer(815301076,1909f56bfc062723c751e8b465ee728b)  -> (artifact id: 'f9387c7774917751de5991cc9d0fcf2b') in 0.105136 seconds 
Number of asset objects unloaded after import = 3
========================================================================
Received Import Request.
  Time since last request: 0.000044 seconds.
  path: Assets/TextMesh Pro/Resources/Fonts & Materials/LiberationSans SDF - Fallback.asset
  artifactKey: Guid(2e498d1c8094910479dc3e1b768306a4) Importer(815301076,1909f56bfc062723c751e8b465ee728b)
Number of updated assets reloaded before import = 0
Start importing Assets/TextMesh Pro/Resources/Fonts & Materials/LiberationSans SDF - Fallback.asset using Guid(2e498d1c8094910479dc3e1b768306a4) Importer(815301076,1909f56bfc062723c751e8b465ee728b)  -> (artifact id: 'edb580aab54573b42e4699b89dfc922e') in 0.047065 seconds 
Number of asset objects unloaded after import = 7
========================================================================
Received Import Request.
  Time since last request: 0.000030 seconds.
  path: Assets/TextMesh Pro/Resources/Fonts & Materials/LiberationSans SDF.asset
  artifactKey: Guid(8f586378b4e144a9851e7b34d9b748ee) Importer(815301076,1909f56bfc062723c751e8b465ee728b)
Number of updated assets reloaded before import = 0
Start importing Assets/TextMesh Pro/Resources/Fonts & Materials/LiberationSans SDF.asset using Guid(8f586378b4e144a9851e7b34d9b748ee) Importer(815301076,1909f56bfc062723c751e8b465ee728b)  -> (artifact id: '75842e2fed1a5830930a0e4430c0083f') in 0.085428 seconds 
Number of asset objects unloaded after import = 10
========================================================================
Received Import Request.
  Time since last request: 0.000041 seconds.
  path: Assets/Plugins/Zenject/OptionalExtras/SampleGame1 (Beginner)/Media/Meshes/Materials/shipdoor.mat
  artifactKey: Guid(02f272d5e8ff508428baf80fadda022a) Importer(815301076,1909f56bfc062723c751e8b465ee728b)
Number of updated assets reloaded before import = 0
Start importing Assets/Plugins/Zenject/OptionalExtras/SampleGame1 (Beginner)/Media/Meshes/Materials/shipdoor.mat using Guid(02f272d5e8ff508428baf80fadda022a) Importer(815301076,1909f56bfc062723c751e8b465ee728b)  -> (artifact id: 'b0671a2ba2ca1403f990fe5b4a7a77d9') in 0.028720 seconds 
Number of asset objects unloaded after import = 2
========================================================================
Received Import Request.
  Time since last request: 0.000023 seconds.
  path: Assets/Plugins/Zenject/OptionalExtras/SampleGame1 (Beginner)/Media/Textures/Background/Materials/Free_Shmup_Sprites_Starfield.mat
  artifactKey: Guid(b384f014c562cb64093ed03a6e82817f) Importer(815301076,1909f56bfc062723c751e8b465ee728b)
Number of updated assets reloaded before import = 0
Start importing Assets/Plugins/Zenject/OptionalExtras/SampleGame1 (Beginner)/Media/Textures/Background/Materials/Free_Shmup_Sprites_Starfield.mat using Guid(b384f014c562cb64093ed03a6e82817f) Importer(815301076,1909f56bfc062723c751e8b465ee728b)  -> (artifact id: '4ad5f2e8c009a0fd61b915d3d2e35d3e') in 0.041967 seconds 
Number of asset objects unloaded after import = 2
========================================================================
Received Import Request.
  Time since last request: 0.000024 seconds.
  path: Assets/Plugins/Zenject/OptionalExtras/SampleGame2 (Advanced)/Media/Materials/BulletPlayer.mat
  artifactKey: Guid(a7a4a87af7fdbd44da0519a1910c7393) Importer(815301076,1909f56bfc062723c751e8b465ee728b)
Number of updated assets reloaded before import = 0
Start importing Assets/Plugins/Zenject/OptionalExtras/SampleGame2 (Advanced)/Media/Materials/BulletPlayer.mat using Guid(a7a4a87af7fdbd44da0519a1910c7393) Importer(815301076,1909f56bfc062723c751e8b465ee728b)  -> (artifact id: 'c32279a33a3bd8e1f56dad03c7769b81') in 0.037095 seconds 
Number of asset objects unloaded after import = 2
========================================================================
Received Import Request.
  Time since last request: 0.000041 seconds.
  path: Assets/Plugins/Zenject/OptionalExtras/SampleGame1 (Beginner)/Media/Imported/SpaceShip/Materials/Space_Shooter_Material.mat
  artifactKey: Guid(a514b444dba54df418424449041a3aa6) Importer(815301076,1909f56bfc062723c751e8b465ee728b)
Number of updated assets reloaded before import = 0
Start importing Assets/Plugins/Zenject/OptionalExtras/SampleGame1 (Beginner)/Media/Imported/SpaceShip/Materials/Space_Shooter_Material.mat using Guid(a514b444dba54df418424449041a3aa6) Importer(815301076,1909f56bfc062723c751e8b465ee728b)  -> (artifact id: 'd53295bc85c10a96d5a05237e3176f59') in 0.038171 seconds 
Number of asset objects unloaded after import = 4
========================================================================
Received Import Request.
  Time since last request: 0.000021 seconds.
  path: Assets/TextMesh Pro/Fonts/LiberationSans.ttf
  artifactKey: Guid(e3265ab4bf004d28a9537516768c1c75) Importer(815301076,1909f56bfc062723c751e8b465ee728b)
Number of updated assets reloaded before import = 0
Start importing Assets/TextMesh Pro/Fonts/LiberationSans.ttf using Guid(e3265ab4bf004d28a9537516768c1c75) Importer(815301076,1909f56bfc062723c751e8b465ee728b)  -> (artifact id: '16b594c9d3c2dfacbfdb6872b5098269') in 0.025810 seconds 
Number of asset objects unloaded after import = 5
========================================================================
Received Import Request.
  Time since last request: 0.000032 seconds.
  path: Assets/Plugins/Zenject/OptionalExtras/SampleGame1 (Beginner)/Media/Materials/target.mat
  artifactKey: Guid(6337eec4e613a6c44b441bb6b4ffbfa0) Importer(815301076,1909f56bfc062723c751e8b465ee728b)
Number of updated assets reloaded before import = 0
Start importing Assets/Plugins/Zenject/OptionalExtras/SampleGame1 (Beginner)/Media/Materials/target.mat using Guid(6337eec4e613a6c44b441bb6b4ffbfa0) Importer(815301076,1909f56bfc062723c751e8b465ee728b)  -> (artifact id: 'e2986ff3cfc71140ac16efa558390713') in 0.055166 seconds 
Number of asset objects unloaded after import = 3
Editor requested this worker to shutdown with reason: Scaling down because of idle timeout
AssetImportWorker is now disconnected from the server
Process exiting
Exiting without the bug reporter. Application will terminate with return code 0